2016-01-22 02:36:06 INFO  ConsoleMain:42 - Please provide path of schdule job tar file
2016-01-22 02:36:44 INFO  ConsoleMain:54 - Thank you! copying files to server ... 
2016-01-22 02:36:44 INFO  ConsoleMain:62 - File copied to server, unzipping the file
2016-01-22 02:36:44 INFO  ConsoleMain:68 - File extracted, following files exists in directory
2016-01-22 02:38:40 INFO  ConsoleMain:42 - Please provide path of schdule job tar file
2016-01-22 02:38:48 INFO  ConsoleMain:54 - Thank you! copying files to server ... 
2016-01-22 02:38:49 INFO  ConsoleMain:62 - File copied to server, unzipping the file
2016-01-22 02:38:49 INFO  ConsoleMain:68 - File extracted, following files exists in directory
2016-01-23 00:18:21 INFO  ConsoleMain:42 - Please provide path of schdule job tar file
2016-01-23 00:19:03 INFO  ConsoleMain:54 - Thank you! copying files to server ... 
2016-01-23 00:19:04 INFO  ConsoleMain:62 - File copied to server, unzipping the file
2016-01-23 00:19:04 INFO  ConsoleMain:68 - File extracted, following files exists in directory
2016-01-23 00:20:13 INFO  ConsoleMain:42 - Please provide path of schdule job tar file
2016-01-23 00:21:01 INFO  ConsoleMain:54 - Thank you! copying files to server ... 
2016-01-23 00:21:02 INFO  ConsoleMain:62 - File copied to server, unzipping the file
2016-01-23 00:21:02 INFO  ConsoleMain:68 - File extracted, following files exists in directory
2016-01-23 01:05:25 INFO  ConsoleMain:42 - Please provide path of schdule job tar file
2016-01-23 01:06:37 INFO  ConsoleMain:54 - Thank you! copying files to server ... 
2016-01-23 01:06:38 INFO  ConsoleMain:62 - File copied to server, unzipping the file
2016-01-23 01:06:38 INFO  ConsoleMain:68 - File extracted, following files exists in directory
2016-01-23 01:09:19 INFO  ConsoleMain:42 - Please provide path of schdule job tar file
2016-01-23 01:09:38 INFO  ConsoleMain:54 - Thank you! copying files to server ... 
2016-01-23 01:09:38 INFO  ConsoleMain:62 - File copied to server, unzipping the file
2016-01-23 01:09:38 INFO  ConsoleMain:68 - File extracted, following files exists in directory
2016-01-23 01:14:53 INFO  ConsoleMain:42 - Please provide path of schdule job tar file
2016-01-23 01:16:39 INFO  ConsoleMain:54 - Thank you! copying files to server ... 
2016-01-23 01:16:39 INFO  ConsoleMain:62 - File copied to server, unzipping the file
2016-01-23 01:16:39 INFO  ConsoleMain:68 - File extracted, following files exists in directory
2016-01-23 01:19:07 INFO  ConsoleMain:42 - Please provide path of schdule job tar file
2016-01-23 01:19:25 INFO  ConsoleMain:54 - Thank you! copying files to server ... 
2016-01-23 01:19:26 INFO  ConsoleMain:62 - File copied to server, unzipping the file
2016-01-23 01:19:26 INFO  ConsoleMain:68 - File extracted, following files exists in directory
2016-01-23 01:19:49 INFO  ConsoleMain:42 - Please provide path of schdule job tar file
2016-01-23 01:20:13 INFO  ConsoleMain:54 - Thank you! copying files to server ... 
2016-01-23 01:20:13 INFO  ConsoleMain:62 - File copied to server, unzipping the file
2016-01-23 01:20:13 INFO  ConsoleMain:68 - File extracted, following files exists in directory
2016-01-23 01:22:48 INFO  ConsoleMain:42 - Please provide path of schdule job tar file
2016-01-23 01:23:00 INFO  ConsoleMain:54 - Thank you! copying files to server ... 
2016-01-23 01:23:00 INFO  ConsoleMain:62 - File copied to server, unzipping the file
2016-01-23 01:23:00 INFO  ConsoleMain:68 - File extracted, following files exists in directory
2016-01-23 01:24:40 INFO  ConsoleMain:42 - Please provide path of schdule job tar file
2016-01-23 01:25:27 INFO  ConsoleMain:42 - Please provide path of schdule job tar file
2016-01-23 01:25:52 INFO  ConsoleMain:54 - Thank you! copying files to server ... 
2016-01-23 01:25:52 INFO  ConsoleMain:62 - File copied to server, unzipping the file
2016-01-23 01:25:52 INFO  ConsoleMain:68 - File extracted, following files exists in directory
2016-01-23 01:28:18 INFO  ConsoleMain:42 - Please provide path of schdule job tar file
2016-01-23 01:28:27 INFO  ConsoleMain:54 - Thank you! copying files to server ... 
2016-01-23 01:28:28 INFO  ConsoleMain:62 - File copied to server, unzipping the file
2016-01-23 01:28:28 INFO  ConsoleMain:68 - File extracted, following files exists in directory
2016-01-23 01:29:44 INFO  ConsoleMain:42 - Please provide path of schdule job tar file
2016-01-23 01:29:52 INFO  ConsoleMain:54 - Thank you! copying files to server ... 
2016-01-23 01:29:53 INFO  ConsoleMain:62 - File copied to server, unzipping the file
2016-01-23 01:29:53 INFO  ConsoleMain:68 - File extracted, following files exists in directory
2016-01-23 01:30:49 INFO  ConsoleMain:42 - Please provide path of schdule job tar file
2016-01-23 01:30:51 ERROR ConsoleMain:99 - Exception in connecting to host
java.util.NoSuchElementException: No line found
	at java.util.Scanner.nextLine(Scanner.java:1540)
	at edu.iu.indra.scigw.ConsoleMain.placeJob(ConsoleMain.java:45)
	at edu.iu.indra.scigw.ConsoleMain.main(ConsoleMain.java:31)
2016-01-23 01:30:55 INFO  ConsoleMain:42 - Please provide path of schdule job tar file
2016-01-23 01:31:07 INFO  ConsoleMain:54 - Thank you! copying files to server ... 
2016-01-23 01:31:08 INFO  ConsoleMain:62 - File copied to server, unzipping the file
2016-01-23 01:31:08 INFO  ConsoleMain:68 - File extracted, following files exists in directory
2016-01-23 01:32:19 INFO  ConsoleMain:42 - Please provide path of schdule job tar file
2016-01-23 01:32:46 INFO  ConsoleMain:54 - Thank you! copying files to server ... 
2016-01-23 01:32:47 INFO  ConsoleMain:62 - File copied to server, unzipping the file
2016-01-23 01:32:47 INFO  ConsoleMain:68 - File extracted, following files exists in directory
2016-01-23 01:35:31 INFO  ConsoleMain:42 - Please provide path of schdule job tar file
2016-01-23 01:35:41 INFO  ConsoleMain:54 - Thank you! copying files to server ... 
2016-01-23 01:35:41 INFO  ConsoleMain:62 - File copied to server, unzipping the file
2016-01-23 01:35:41 INFO  ConsoleMain:68 - File extracted, following files exists in directory
2016-01-23 01:41:59 INFO  ConsoleMain:42 - Please provide path of schdule job tar file
2016-01-23 01:42:08 INFO  ConsoleMain:54 - Thank you! copying files to server ... 
2016-01-23 01:42:09 INFO  ConsoleMain:62 - File copied to server, unzipping the file
2016-01-23 01:42:09 INFO  ConsoleMain:68 - File extracted, following files exists in directory
2016-01-23 01:43:24 INFO  ConsoleMain:42 - Please provide path of schdule job tar file
2016-01-23 01:43:35 INFO  ConsoleMain:54 - Thank you! copying files to server ... 
2016-01-23 01:43:36 INFO  ConsoleMain:62 - File copied to server, unzipping the file
2016-01-23 01:43:36 INFO  ConsoleMain:68 - File extracted, following files exists in directory
2016-01-23 01:50:48 INFO  ConsoleMain:42 - Please provide path of schdule job tar file
2016-01-23 01:50:57 INFO  ConsoleMain:54 - Thank you! copying files to server ... 
2016-01-23 01:50:57 INFO  ConsoleMain:62 - File copied to server, unzipping the file
2016-01-23 01:50:57 INFO  ConsoleMain:68 - File extracted, following files exists in directory
2016-01-23 01:51:09 INFO  ConsoleMain:42 - Please provide path of schdule job tar file
2016-01-23 01:51:16 INFO  ConsoleMain:54 - Thank you! copying files to server ... 
2016-01-23 01:51:17 INFO  ConsoleMain:62 - File copied to server, unzipping the file
2016-01-23 01:51:17 INFO  ConsoleMain:68 - File extracted, following files exists in directory
2016-01-23 01:51:46 INFO  ConsoleMain:42 - Please provide path of schdule job tar file
2016-01-23 01:51:54 INFO  ConsoleMain:54 - Thank you! copying files to server ... 
2016-01-23 01:51:54 INFO  ConsoleMain:62 - File copied to server, unzipping the file
2016-01-23 01:51:54 INFO  ConsoleMain:68 - File extracted, following files exists in directory
2016-01-23 02:23:09 INFO  ConsoleMain:42 - Please provide path of schdule job tar file
2016-01-23 02:23:35 INFO  ConsoleMain:54 - Thank you! copying files to server ... 
2016-01-23 02:23:35 INFO  ConsoleMain:62 - File copied to server, unzipping the file
2016-01-23 02:23:35 INFO  ConsoleMain:68 - File extracted, following files exists in directory
2016-01-23 02:24:33 INFO  ConsoleMain:42 - Please provide path of schdule job tar file
2016-01-23 02:24:37 INFO  ConsoleMain:54 - Thank you! copying files to server ... 
2016-01-23 02:24:38 INFO  ConsoleMain:62 - File copied to server, unzipping the file
2016-01-23 02:24:38 INFO  ConsoleMain:68 - File extracted, following files exists in directory
2016-01-23 02:26:28 INFO  ConsoleMain:42 - Please provide path of schdule job tar file
2016-01-23 02:26:36 INFO  ConsoleMain:54 - Thank you! copying files to server ... 
2016-01-23 02:26:37 INFO  ConsoleMain:62 - File copied to server, unzipping the file
2016-01-23 02:26:37 INFO  ConsoleMain:68 - File extracted, following files exists in directory
2016-01-23 10:41:56 INFO  ConsoleMain:42 - Please provide path of schdule job tar file
2016-01-23 10:42:06 INFO  ConsoleMain:54 - Thank you! copying files to server ... 
2016-01-23 10:42:06 INFO  ConsoleMain:62 - File copied to server, unzipping the file
2016-01-23 10:42:06 INFO  ConsoleMain:68 - File extracted, following files exists in directory
2016-01-23 10:45:41 INFO  ConsoleMain:42 - Please provide path of schdule job tar file
2016-01-23 10:45:45 ERROR ConsoleMain:104 - Exception in connecting to host
java.util.NoSuchElementException: No line found
	at java.util.Scanner.nextLine(Scanner.java:1540)
	at edu.iu.indra.scigw.ConsoleMain.placeJob(ConsoleMain.java:45)
	at edu.iu.indra.scigw.ConsoleMain.main(ConsoleMain.java:31)
2016-01-23 10:45:48 INFO  ConsoleMain:42 - Please provide path of schdule job tar file
2016-01-23 10:46:00 INFO  ConsoleMain:54 - Thank you! copying files to server ... 
2016-01-23 10:46:00 INFO  ConsoleMain:62 - File copied to server, unzipping the file
2016-01-23 10:46:00 INFO  ConsoleMain:68 - File extracted, following files exists in directory
2016-01-23 10:49:05 INFO  ConsoleMain:42 - Please provide path of schdule job tar file
2016-01-23 10:49:52 INFO  ConsoleMain:54 - Thank you! copying files to server ... 
2016-01-23 10:49:53 INFO  ConsoleMain:62 - File copied to server, unzipping the file
2016-01-23 10:49:53 INFO  ConsoleMain:68 - File extracted, following files exists in directory
2016-01-23 10:51:32 INFO  ConsoleMain:42 - Please provide path of schdule job tar file
2016-01-23 10:51:45 INFO  ConsoleMain:54 - Thank you! copying files to server ... 
2016-01-23 10:51:45 INFO  ConsoleMain:62 - File copied to server, unzipping the file
2016-01-23 10:51:45 INFO  ConsoleMain:68 - File extracted, following files exists in directory
2016-01-23 10:52:46 INFO  ConsoleMain:42 - Please provide path of schdule job tar file
2016-01-23 10:52:50 INFO  ConsoleMain:54 - Thank you! copying files to server ... 
2016-01-23 10:52:51 INFO  ConsoleMain:62 - File copied to server, unzipping the file
2016-01-23 10:52:51 INFO  ConsoleMain:68 - File extracted, following files exists in directory
2016-01-23 11:01:14 INFO  ConsoleMain:42 - Please provide path of schdule job tar file
2016-01-23 11:02:25 INFO  ConsoleMain:54 - Thank you! copying files to server ... 
2016-01-23 11:02:26 INFO  ConsoleMain:62 - File copied to server, unzipping the file
2016-01-23 11:02:26 INFO  ConsoleMain:68 - File extracted, following files exists in directory
2016-01-23 11:02:56 INFO  ConsoleMain:42 - Please provide path of schdule job tar file
2016-01-23 11:02:57 INFO  ConsoleMain:54 - Thank you! copying files to server ... 
2016-01-23 11:02:58 INFO  ConsoleMain:62 - File copied to server, unzipping the file
2016-01-23 11:02:58 INFO  ConsoleMain:68 - File extracted, following files exists in directory
2016-01-23 11:03:57 INFO  ConsoleMain:42 - Please provide path of schdule job tar file
2016-01-23 11:04:06 INFO  ConsoleMain:54 - Thank you! copying files to server ... 
2016-01-23 11:04:06 INFO  ConsoleMain:62 - File copied to server, unzipping the file
2016-01-23 11:04:06 INFO  ConsoleMain:68 - File extracted, following files exists in directory
2016-01-23 11:05:18 INFO  ConsoleMain:42 - Please provide path of schdule job tar file
2016-01-23 11:05:22 INFO  ConsoleMain:54 - Thank you! copying files to server ... 
2016-01-23 11:05:23 INFO  ConsoleMain:62 - File copied to server, unzipping the file
2016-01-23 11:05:23 INFO  ConsoleMain:68 - File extracted, following files exists in directory
2016-01-23 11:05:46 INFO  ConsoleMain:42 - Please provide path of schdule job tar file
2016-01-23 11:05:48 INFO  ConsoleMain:54 - Thank you! copying files to server ... 
2016-01-23 11:05:49 INFO  ConsoleMain:62 - File copied to server, unzipping the file
2016-01-23 11:05:49 INFO  ConsoleMain:68 - File extracted, following files exists in directory
2016-01-23 11:18:50 INFO  ConsoleMain:42 - Please provide path of schdule job tar file
2016-01-23 11:18:56 INFO  ConsoleMain:54 - Thank you! copying files to server ... 
2016-01-23 11:18:57 INFO  ConsoleMain:62 - File copied to server, unzipping the file
2016-01-23 11:18:57 INFO  ConsoleMain:68 - File extracted, following files exists in directory
2016-01-23 11:23:01 INFO  ConsoleMain:42 - Please provide path of schdule job tar file
2016-01-23 11:23:07 INFO  ConsoleMain:54 - Thank you! copying files to server ... 
2016-01-23 11:23:08 INFO  ConsoleMain:62 - File copied to server, unzipping the file
2016-01-23 11:23:08 INFO  ConsoleMain:68 - File extracted, following files exists in directory
2016-01-23 11:29:48 INFO  ConsoleMain:42 - Please provide path of schdule job tar file
2016-01-23 11:29:49 INFO  ConsoleMain:54 - Thank you! copying files to server ... 
2016-01-23 11:29:50 INFO  ConsoleMain:62 - File copied to server, unzipping the file
2016-01-23 11:29:50 INFO  ConsoleMain:68 - File extracted, following files exists in directory
2016-01-23 11:30:33 INFO  ConsoleMain:42 - Please provide path of schdule job tar file
2016-01-23 11:30:35 INFO  ConsoleMain:54 - Thank you! copying files to server ... 
2016-01-23 11:30:36 INFO  ConsoleMain:62 - File copied to server, unzipping the file
2016-01-23 11:30:36 INFO  ConsoleMain:68 - File extracted, following files exists in directory
2016-01-26 01:49:47 INFO  ClassPathXmlApplicationContext:510 - Refreshing org.springframework.context.support.ClassPathXmlApplicationContext@5fcfe4b2: startup date [Tue Jan 26 01:49:47 EST 2016]; root of context hierarchy
2016-01-26 01:49:47 INFO  XmlBeanDefinitionReader:315 - Loading XML bean definitions from class path resource [application-context.xml]
2016-01-26 01:49:48 INFO  PropertyPlaceholderConfigurer:172 - Loading properties file from class path resource [config.properties]
2016-01-26 01:49:48 INFO  DefaultListableBeanFactory:596 - Pre-instantiating singletons in org.springframework.beans.factory.support.DefaultListableBeanFactory@13a5fe33: defining beans [org.springframework.context.annotation.internalConfigurationAnnotationProcessor,org.springframework.context.annotation.internalAutowiredAnnotationProcessor,org.springframework.context.annotation.internalRequiredAnnotationProcessor,org.springframework.context.annotation.internalCommonAnnotationProcessor,applicationManager,jobMonitor,applicationHandlerFactory,connectionHandler,errorMessages,sciGwException,fileHandler,commandHelper,constants,org.springframework.beans.factory.config.PropertyPlaceholderConfigurer#0,userConfig,jobConfig,applicationHandler,edu.iu.indra.scigw.applications.SortingApplicationHandler#0,edu.iu.indra.scigw.applications.MpiHelloApplicationHandler#0,org.springframework.context.annotation.ConfigurationClassPostProcessor.importAwareProcessor]; root of factory hierarchy
2016-01-26 01:50:02 INFO  ClassPathXmlApplicationContext:510 - Refreshing org.springframework.context.support.ClassPathXmlApplicationContext@1e397ed7: startup date [Tue Jan 26 01:50:02 EST 2016]; root of context hierarchy
2016-01-26 01:50:02 INFO  XmlBeanDefinitionReader:315 - Loading XML bean definitions from class path resource [application-context.xml]
2016-01-26 01:50:02 INFO  PropertyPlaceholderConfigurer:172 - Loading properties file from class path resource [config.properties]
2016-01-26 01:50:02 INFO  DefaultListableBeanFactory:596 - Pre-instantiating singletons in org.springframework.beans.factory.support.DefaultListableBeanFactory@77c2494c: defining beans [org.springframework.context.annotation.internalConfigurationAnnotationProcessor,org.springframework.context.annotation.internalAutowiredAnnotationProcessor,org.springframework.context.annotation.internalRequiredAnnotationProcessor,org.springframework.context.annotation.internalCommonAnnotationProcessor,applicationManager,jobMonitor,applicationHandlerFactory,connectionHandler,errorMessages,sciGwException,fileHandler,commandHelper,constants,org.springframework.beans.factory.config.PropertyPlaceholderConfigurer#0,userConfig,jobConfig,applicationHandler,edu.iu.indra.scigw.applications.SortingApplicationHandler#0,edu.iu.indra.scigw.applications.MpiHelloApplicationHandler#0,org.springframework.context.annotation.ConfigurationClassPostProcessor.importAwareProcessor]; root of factory hierarchy
2016-01-26 01:50:20 INFO  ApplicationHandler:44 - Reading application specific configuration from user
2016-01-26 01:50:23 INFO  ApplicationHandler:61 - Reading config complete
2016-01-26 01:50:25 INFO  ApplicationHandler:65 - Generating PBS script
2016-01-26 01:51:09 INFO  ClassPathXmlApplicationContext:510 - Refreshing org.springframework.context.support.ClassPathXmlApplicationContext@1e397ed7: startup date [Tue Jan 26 01:51:09 EST 2016]; root of context hierarchy
2016-01-26 01:51:09 INFO  XmlBeanDefinitionReader:315 - Loading XML bean definitions from class path resource [application-context.xml]
2016-01-26 01:51:09 INFO  PropertyPlaceholderConfigurer:172 - Loading properties file from class path resource [config.properties]
2016-01-26 01:51:09 INFO  DefaultListableBeanFactory:596 - Pre-instantiating singletons in org.springframework.beans.factory.support.DefaultListableBeanFactory@77c2494c: defining beans [org.springframework.context.annotation.internalConfigurationAnnotationProcessor,org.springframework.context.annotation.internalAutowiredAnnotationProcessor,org.springframework.context.annotation.internalRequiredAnnotationProcessor,org.springframework.context.annotation.internalCommonAnnotationProcessor,applicationManager,jobMonitor,applicationHandlerFactory,connectionHandler,errorMessages,sciGwException,fileHandler,commandHelper,constants,org.springframework.beans.factory.config.PropertyPlaceholderConfigurer#0,userConfig,jobConfig,applicationHandler,edu.iu.indra.scigw.applications.SortingApplicationHandler#0,edu.iu.indra.scigw.applications.MpiHelloApplicationHandler#0,org.springframework.context.annotation.ConfigurationClassPostProcessor.importAwareProcessor]; root of factory hierarchy
2016-01-26 01:51:15 INFO  ApplicationHandler:44 - Reading application specific configuration from user
2016-01-26 01:51:16 INFO  ApplicationHandler:61 - Reading config complete
2016-01-26 01:51:17 INFO  ApplicationHandler:65 - Generating PBS script
2016-01-26 01:55:23 INFO  SftpFileHandlerImpl:56 - Transferring files to server
2016-01-26 01:55:23 ERROR ConnectionHandlerImpl:45 - Error in creating session
com.jcraft.jsch.JSchException: java.io.FileNotFoundException: C:\Users\Sanket\Documents\GitHub\SSH\putty_export_key (The system cannot find the path specified)
	at com.jcraft.jsch.KeyPair.load(KeyPair.java:543)
	at com.jcraft.jsch.IdentityFile.newInstance(IdentityFile.java:40)
	at com.jcraft.jsch.JSch.addIdentity(JSch.java:407)
	at com.jcraft.jsch.JSch.addIdentity(JSch.java:367)
	at edu.iu.indra.scigw.connectionhandler.ConnectionHandlerImpl.mGetSession(ConnectionHandlerImpl.java:38)
	at edu.iu.indra.scigw.connectionhandler.ConnectionHandlerImpl.getSftpChannel(ConnectionHandlerImpl.java:56)
	at edu.iu.indra.scigw.filehandler.SftpFileHandlerImpl.transferApplicationFiles(SftpFileHandlerImpl.java:76)
	at edu.iu.indra.scigw.applications.ApplicationHandler.submitJob(ApplicationHandler.java:71)
	at edu.iu.indra.scigw.applications.ApplicationManager.runApplication(ApplicationManager.java:34)
	at edu.iu.indra.scigw.ConsoleMain.main(ConsoleMain.java:54)
Caused by: java.io.FileNotFoundException: C:\Users\Sanket\Documents\GitHub\SSH\putty_export_key (The system cannot find the path specified)
	at java.io.FileInputStream.open0(Native Method)
	at java.io.FileInputStream.open(FileInputStream.java:195)
	at java.io.FileInputStream.<init>(FileInputStream.java:138)
	at java.io.FileInputStream.<init>(FileInputStream.java:93)
	at com.jcraft.jsch.Util.fromFile(Util.java:508)
	at com.jcraft.jsch.KeyPair.load(KeyPair.java:540)
	... 9 more
2016-01-26 01:55:23 ERROR ApplicationHandler:77 - Error in submitting job
2016-01-26 01:55:23 INFO  ClassPathXmlApplicationContext:1042 - Closing org.springframework.context.support.ClassPathXmlApplicationContext@1e397ed7: startup date [Tue Jan 26 01:51:09 EST 2016]; root of context hierarchy
2016-01-26 01:55:23 INFO  DefaultListableBeanFactory:444 - Destroying singletons in org.springframework.beans.factory.support.DefaultListableBeanFactory@77c2494c: defining beans [org.springframework.context.annotation.internalConfigurationAnnotationProcessor,org.springframework.context.annotation.internalAutowiredAnnotationProcessor,org.springframework.context.annotation.internalRequiredAnnotationProcessor,org.springframework.context.annotation.internalCommonAnnotationProcessor,applicationManager,jobMonitor,applicationHandlerFactory,connectionHandler,errorMessages,sciGwException,fileHandler,commandHelper,constants,org.springframework.beans.factory.config.PropertyPlaceholderConfigurer#0,userConfig,jobConfig,applicationHandler,edu.iu.indra.scigw.applications.SortingApplicationHandler#0,edu.iu.indra.scigw.applications.MpiHelloApplicationHandler#0,org.springframework.context.annotation.ConfigurationClassPostProcessor.importAwareProcessor]; root of factory hierarchy
2016-01-26 01:55:23 ERROR ConnectionHandlerImpl:45 - Error in creating session
com.jcraft.jsch.JSchException: java.io.FileNotFoundException: C:\Users\Sanket\Documents\GitHub\SSH\putty_export_key (The system cannot find the path specified)
	at com.jcraft.jsch.KeyPair.load(KeyPair.java:543)
	at com.jcraft.jsch.IdentityFile.newInstance(IdentityFile.java:40)
	at com.jcraft.jsch.JSch.addIdentity(JSch.java:407)
	at com.jcraft.jsch.JSch.addIdentity(JSch.java:367)
	at edu.iu.indra.scigw.connectionhandler.ConnectionHandlerImpl.mGetSession(ConnectionHandlerImpl.java:38)
	at edu.iu.indra.scigw.connectionhandler.ConnectionHandlerImpl.getSession(ConnectionHandlerImpl.java:84)
	at edu.iu.indra.scigw.ConsoleMain.main(ConsoleMain.java:83)
Caused by: java.io.FileNotFoundException: C:\Users\Sanket\Documents\GitHub\SSH\putty_export_key (The system cannot find the path specified)
	at java.io.FileInputStream.open0(Native Method)
	at java.io.FileInputStream.open(FileInputStream.java:195)
	at java.io.FileInputStream.<init>(FileInputStream.java:138)
	at java.io.FileInputStream.<init>(FileInputStream.java:93)
	at com.jcraft.jsch.Util.fromFile(Util.java:508)
	at com.jcraft.jsch.KeyPair.load(KeyPair.java:540)
	... 6 more
2016-01-26 01:55:23 ERROR ConsoleMain:87 - Failed to close the session
2016-01-26 02:01:13 INFO  ClassPathXmlApplicationContext:510 - Refreshing org.springframework.context.support.ClassPathXmlApplicationContext@5fcfe4b2: startup date [Tue Jan 26 02:01:13 EST 2016]; root of context hierarchy
2016-01-26 02:01:13 INFO  XmlBeanDefinitionReader:315 - Loading XML bean definitions from class path resource [application-context.xml]
2016-01-26 02:01:14 INFO  PropertyPlaceholderConfigurer:172 - Loading properties file from class path resource [config.properties]
2016-01-26 02:01:14 INFO  DefaultListableBeanFactory:596 - Pre-instantiating singletons in org.springframework.beans.factory.support.DefaultListableBeanFactory@13a5fe33: defining beans [org.springframework.context.annotation.internalConfigurationAnnotationProcessor,org.springframework.context.annotation.internalAutowiredAnnotationProcessor,org.springframework.context.annotation.internalRequiredAnnotationProcessor,org.springframework.context.annotation.internalCommonAnnotationProcessor,applicationManager,jobMonitor,applicationHandlerFactory,connectionHandler,errorMessages,sciGwException,fileHandler,commandHelper,constants,org.springframework.beans.factory.config.PropertyPlaceholderConfigurer#0,userConfig,jobConfig,applicationHandler,edu.iu.indra.scigw.applications.SortingApplicationHandler#0,edu.iu.indra.scigw.applications.MpiHelloApplicationHandler#0,org.springframework.context.annotation.ConfigurationClassPostProcessor.importAwareProcessor]; root of factory hierarchy
2016-01-26 02:01:19 INFO  ApplicationHandler:44 - Reading application specific configuration from user
2016-01-26 02:01:19 INFO  ApplicationHandler:61 - Reading config complete
2016-01-26 02:01:19 INFO  ApplicationHandler:65 - Generating PBS script
2016-01-26 02:01:19 INFO  SftpFileHandlerImpl:56 - Transferring files to server
2016-01-26 02:01:19 ERROR ConnectionHandlerImpl:45 - Error in creating session
com.jcraft.jsch.JSchException: java.io.FileNotFoundException: C:UsersPratishDocumentsAssignmentsSGPutty Relatedopenshhkey (The system cannot find the file specified)
	at com.jcraft.jsch.KeyPair.load(KeyPair.java:543)
	at com.jcraft.jsch.IdentityFile.newInstance(IdentityFile.java:40)
	at com.jcraft.jsch.JSch.addIdentity(JSch.java:407)
	at com.jcraft.jsch.JSch.addIdentity(JSch.java:367)
	at edu.iu.indra.scigw.connectionhandler.ConnectionHandlerImpl.mGetSession(ConnectionHandlerImpl.java:38)
	at edu.iu.indra.scigw.connectionhandler.ConnectionHandlerImpl.getSftpChannel(ConnectionHandlerImpl.java:56)
	at edu.iu.indra.scigw.filehandler.SftpFileHandlerImpl.transferApplicationFiles(SftpFileHandlerImpl.java:76)
	at edu.iu.indra.scigw.applications.ApplicationHandler.submitJob(ApplicationHandler.java:71)
	at edu.iu.indra.scigw.applications.ApplicationManager.runApplication(ApplicationManager.java:34)
	at edu.iu.indra.scigw.ConsoleMain.main(ConsoleMain.java:54)
Caused by: java.io.FileNotFoundException: C:UsersPratishDocumentsAssignmentsSGPutty Relatedopenshhkey (The system cannot find the file specified)
	at java.io.FileInputStream.open0(Native Method)
	at java.io.FileInputStream.open(FileInputStream.java:195)
	at java.io.FileInputStream.<init>(FileInputStream.java:138)
	at java.io.FileInputStream.<init>(FileInputStream.java:93)
	at com.jcraft.jsch.Util.fromFile(Util.java:508)
	at com.jcraft.jsch.KeyPair.load(KeyPair.java:540)
	... 9 more
2016-01-26 02:01:19 ERROR ApplicationHandler:77 - Error in submitting job
2016-01-26 02:01:19 INFO  ClassPathXmlApplicationContext:1042 - Closing org.springframework.context.support.ClassPathXmlApplicationContext@5fcfe4b2: startup date [Tue Jan 26 02:01:13 EST 2016]; root of context hierarchy
2016-01-26 02:01:19 INFO  DefaultListableBeanFactory:444 - Destroying singletons in org.springframework.beans.factory.support.DefaultListableBeanFactory@13a5fe33: defining beans [org.springframework.context.annotation.internalConfigurationAnnotationProcessor,org.springframework.context.annotation.internalAutowiredAnnotationProcessor,org.springframework.context.annotation.internalRequiredAnnotationProcessor,org.springframework.context.annotation.internalCommonAnnotationProcessor,applicationManager,jobMonitor,applicationHandlerFactory,connectionHandler,errorMessages,sciGwException,fileHandler,commandHelper,constants,org.springframework.beans.factory.config.PropertyPlaceholderConfigurer#0,userConfig,jobConfig,applicationHandler,edu.iu.indra.scigw.applications.SortingApplicationHandler#0,edu.iu.indra.scigw.applications.MpiHelloApplicationHandler#0,org.springframework.context.annotation.ConfigurationClassPostProcessor.importAwareProcessor]; root of factory hierarchy
2016-01-26 02:01:19 ERROR ConnectionHandlerImpl:45 - Error in creating session
com.jcraft.jsch.JSchException: java.io.FileNotFoundException: C:UsersPratishDocumentsAssignmentsSGPutty Relatedopenshhkey (The system cannot find the file specified)
	at com.jcraft.jsch.KeyPair.load(KeyPair.java:543)
	at com.jcraft.jsch.IdentityFile.newInstance(IdentityFile.java:40)
	at com.jcraft.jsch.JSch.addIdentity(JSch.java:407)
	at com.jcraft.jsch.JSch.addIdentity(JSch.java:367)
	at edu.iu.indra.scigw.connectionhandler.ConnectionHandlerImpl.mGetSession(ConnectionHandlerImpl.java:38)
	at edu.iu.indra.scigw.connectionhandler.ConnectionHandlerImpl.getSession(ConnectionHandlerImpl.java:84)
	at edu.iu.indra.scigw.ConsoleMain.main(ConsoleMain.java:83)
Caused by: java.io.FileNotFoundException: C:UsersPratishDocumentsAssignmentsSGPutty Relatedopenshhkey (The system cannot find the file specified)
	at java.io.FileInputStream.open0(Native Method)
	at java.io.FileInputStream.open(FileInputStream.java:195)
	at java.io.FileInputStream.<init>(FileInputStream.java:138)
	at java.io.FileInputStream.<init>(FileInputStream.java:93)
	at com.jcraft.jsch.Util.fromFile(Util.java:508)
	at com.jcraft.jsch.KeyPair.load(KeyPair.java:540)
	... 6 more
2016-01-26 02:01:19 ERROR ConsoleMain:87 - Failed to close the session
2016-01-26 02:02:11 INFO  ClassPathXmlApplicationContext:510 - Refreshing org.springframework.context.support.ClassPathXmlApplicationContext@5fcfe4b2: startup date [Tue Jan 26 02:02:11 EST 2016]; root of context hierarchy
2016-01-26 02:02:11 INFO  XmlBeanDefinitionReader:315 - Loading XML bean definitions from class path resource [application-context.xml]
2016-01-26 02:02:11 INFO  PropertyPlaceholderConfigurer:172 - Loading properties file from class path resource [config.properties]
2016-01-26 02:02:11 INFO  DefaultListableBeanFactory:596 - Pre-instantiating singletons in org.springframework.beans.factory.support.DefaultListableBeanFactory@13a5fe33: defining beans [org.springframework.context.annotation.internalConfigurationAnnotationProcessor,org.springframework.context.annotation.internalAutowiredAnnotationProcessor,org.springframework.context.annotation.internalRequiredAnnotationProcessor,org.springframework.context.annotation.internalCommonAnnotationProcessor,applicationManager,jobMonitor,applicationHandlerFactory,connectionHandler,errorMessages,sciGwException,fileHandler,commandHelper,constants,org.springframework.beans.factory.config.PropertyPlaceholderConfigurer#0,userConfig,jobConfig,applicationHandler,edu.iu.indra.scigw.applications.SortingApplicationHandler#0,edu.iu.indra.scigw.applications.MpiHelloApplicationHandler#0,org.springframework.context.annotation.ConfigurationClassPostProcessor.importAwareProcessor]; root of factory hierarchy
2016-01-26 02:02:28 INFO  ClassPathXmlApplicationContext:510 - Refreshing org.springframework.context.support.ClassPathXmlApplicationContext@5fcfe4b2: startup date [Tue Jan 26 02:02:28 EST 2016]; root of context hierarchy
2016-01-26 02:02:28 INFO  XmlBeanDefinitionReader:315 - Loading XML bean definitions from class path resource [application-context.xml]
2016-01-26 02:02:29 INFO  PropertyPlaceholderConfigurer:172 - Loading properties file from class path resource [config.properties]
2016-01-26 02:02:29 INFO  DefaultListableBeanFactory:596 - Pre-instantiating singletons in org.springframework.beans.factory.support.DefaultListableBeanFactory@13a5fe33: defining beans [org.springframework.context.annotation.internalConfigurationAnnotationProcessor,org.springframework.context.annotation.internalAutowiredAnnotationProcessor,org.springframework.context.annotation.internalRequiredAnnotationProcessor,org.springframework.context.annotation.internalCommonAnnotationProcessor,applicationManager,jobMonitor,applicationHandlerFactory,connectionHandler,errorMessages,sciGwException,fileHandler,commandHelper,constants,org.springframework.beans.factory.config.PropertyPlaceholderConfigurer#0,userConfig,jobConfig,applicationHandler,edu.iu.indra.scigw.applications.SortingApplicationHandler#0,edu.iu.indra.scigw.applications.MpiHelloApplicationHandler#0,org.springframework.context.annotation.ConfigurationClassPostProcessor.importAwareProcessor]; root of factory hierarchy
2016-01-26 02:02:30 INFO  ApplicationHandler:44 - Reading application specific configuration from user
2016-01-26 02:02:30 INFO  ApplicationHandler:61 - Reading config complete
2016-01-26 02:02:30 INFO  ApplicationHandler:65 - Generating PBS script
2016-01-26 02:02:30 INFO  SftpFileHandlerImpl:56 - Transferring files to server
2016-01-26 02:02:32 INFO  SftpFileHandlerImpl:85 - PBS file transfer complete
2016-01-26 02:02:32 INFO  SftpFileHandlerImpl:106 - File transfer complete
2016-01-26 02:02:33 INFO  ApplicationHandler:81 - Scheduled execution for job ID: 572903f7-6f6a-45f7-bb16-3a137fa1f0f0
2016-01-26 02:32:55 INFO  ClassPathXmlApplicationContext:510 - Refreshing org.springframework.context.support.ClassPathXmlApplicationContext@5fcfe4b2: startup date [Tue Jan 26 02:32:55 EST 2016]; root of context hierarchy
2016-01-26 02:32:55 INFO  XmlBeanDefinitionReader:315 - Loading XML bean definitions from class path resource [application-context.xml]
2016-01-26 02:32:56 INFO  PropertyPlaceholderConfigurer:172 - Loading properties file from class path resource [config.properties]
2016-01-26 02:32:56 INFO  DefaultListableBeanFactory:596 - Pre-instantiating singletons in org.springframework.beans.factory.support.DefaultListableBeanFactory@13a5fe33: defining beans [org.springframework.context.annotation.internalConfigurationAnnotationProcessor,org.springframework.context.annotation.internalAutowiredAnnotationProcessor,org.springframework.context.annotation.internalRequiredAnnotationProcessor,org.springframework.context.annotation.internalCommonAnnotationProcessor,applicationManager,jobMonitor,applicationHandlerFactory,connectionHandler,errorMessages,sciGwException,fileHandler,commandHelper,constants,org.springframework.beans.factory.config.PropertyPlaceholderConfigurer#0,userConfig,jobConfig,applicationHandler,edu.iu.indra.scigw.applications.SortingApplicationHandler#0,edu.iu.indra.scigw.applications.MpiHelloApplicationHandler#0,org.springframework.context.annotation.ConfigurationClassPostProcessor.importAwareProcessor]; root of factory hierarchy
2016-01-26 02:32:59 INFO  ApplicationHandler:44 - Reading application specific configuration from user
2016-01-26 02:32:59 INFO  ApplicationHandler:61 - Reading config complete
2016-01-26 02:32:59 INFO  ApplicationHandler:65 - Generating PBS script
2016-01-26 02:32:59 INFO  SftpFileHandlerImpl:56 - Transferring files to server
2016-01-26 02:33:01 INFO  SftpFileHandlerImpl:85 - PBS file transfer complete
2016-01-26 02:33:01 INFO  SftpFileHandlerImpl:106 - File transfer complete
2016-01-26 02:33:02 INFO  ApplicationHandler:81 - Scheduled execution for job ID: 2e7b7c26-7191-43ce-b70f-1e60c2585ea2
2016-01-26 02:38:59 INFO  ClassPathXmlApplicationContext:510 - Refreshing org.springframework.context.support.ClassPathXmlApplicationContext@5fcfe4b2: startup date [Tue Jan 26 02:38:59 EST 2016]; root of context hierarchy
2016-01-26 02:38:59 INFO  XmlBeanDefinitionReader:315 - Loading XML bean definitions from class path resource [application-context.xml]
2016-01-26 02:38:59 INFO  PropertyPlaceholderConfigurer:172 - Loading properties file from class path resource [config.properties]
2016-01-26 02:38:59 INFO  DefaultListableBeanFactory:596 - Pre-instantiating singletons in org.springframework.beans.factory.support.DefaultListableBeanFactory@13a5fe33: defining beans [org.springframework.context.annotation.internalConfigurationAnnotationProcessor,org.springframework.context.annotation.internalAutowiredAnnotationProcessor,org.springframework.context.annotation.internalRequiredAnnotationProcessor,org.springframework.context.annotation.internalCommonAnnotationProcessor,applicationManager,jobMonitor,applicationHandlerFactory,connectionHandler,errorMessages,sciGwException,fileHandler,commandHelper,constants,org.springframework.beans.factory.config.PropertyPlaceholderConfigurer#0,userConfig,jobConfig,applicationHandler,edu.iu.indra.scigw.applications.SortingApplicationHandler#0,edu.iu.indra.scigw.applications.MpiHelloApplicationHandler#0,org.springframework.context.annotation.ConfigurationClassPostProcessor.importAwareProcessor]; root of factory hierarchy
2016-01-26 02:39:04 INFO  ApplicationHandler:44 - Reading application specific configuration from user
2016-01-26 02:39:04 INFO  ApplicationHandler:61 - Reading config complete
2016-01-26 02:39:04 INFO  ApplicationHandler:65 - Generating PBS script
2016-01-26 02:39:04 INFO  SftpFileHandlerImpl:56 - Transferring files to server
2016-01-26 02:39:05 INFO  SftpFileHandlerImpl:85 - PBS file transfer complete
2016-01-26 02:39:05 INFO  SftpFileHandlerImpl:106 - File transfer complete
2016-01-26 02:39:06 INFO  ApplicationHandler:81 - Scheduled execution for job ID: 251d7556-f65e-4927-9db4-f1ea824d208a
2016-01-26 02:39:14 INFO  ClassPathXmlApplicationContext:1042 - Closing org.springframework.context.support.ClassPathXmlApplicationContext@5fcfe4b2: startup date [Tue Jan 26 02:38:59 EST 2016]; root of context hierarchy
2016-01-26 02:39:14 INFO  DefaultListableBeanFactory:444 - Destroying singletons in org.springframework.beans.factory.support.DefaultListableBeanFactory@13a5fe33: defining beans [org.springframework.context.annotation.internalConfigurationAnnotationProcessor,org.springframework.context.annotation.internalAutowiredAnnotationProcessor,org.springframework.context.annotation.internalRequiredAnnotationProcessor,org.springframework.context.annotation.internalCommonAnnotationProcessor,applicationManager,jobMonitor,applicationHandlerFactory,connectionHandler,errorMessages,sciGwException,fileHandler,commandHelper,constants,org.springframework.beans.factory.config.PropertyPlaceholderConfigurer#0,userConfig,jobConfig,applicationHandler,edu.iu.indra.scigw.applications.SortingApplicationHandler#0,edu.iu.indra.scigw.applications.MpiHelloApplicationHandler#0,org.springframework.context.annotation.ConfigurationClassPostProcessor.importAwareProcessor]; root of factory hierarchy
2016-01-26 02:44:37 INFO  ClassPathXmlApplicationContext:510 - Refreshing org.springframework.context.support.ClassPathXmlApplicationContext@5fcfe4b2: startup date [Tue Jan 26 02:44:37 EST 2016]; root of context hierarchy
2016-01-26 02:44:37 INFO  XmlBeanDefinitionReader:315 - Loading XML bean definitions from class path resource [application-context.xml]
2016-01-26 02:44:37 INFO  PropertyPlaceholderConfigurer:172 - Loading properties file from class path resource [config.properties]
2016-01-26 02:44:37 INFO  DefaultListableBeanFactory:596 - Pre-instantiating singletons in org.springframework.beans.factory.support.DefaultListableBeanFactory@13a5fe33: defining beans [org.springframework.context.annotation.internalConfigurationAnnotationProcessor,org.springframework.context.annotation.internalAutowiredAnnotationProcessor,org.springframework.context.annotation.internalRequiredAnnotationProcessor,org.springframework.context.annotation.internalCommonAnnotationProcessor,applicationManager,jobMonitor,applicationHandlerFactory,connectionHandler,errorMessages,sciGwException,fileHandler,commandHelper,constants,org.springframework.beans.factory.config.PropertyPlaceholderConfigurer#0,userConfig,jobConfig,applicationHandler,edu.iu.indra.scigw.applications.SortingApplicationHandler#0,edu.iu.indra.scigw.applications.MpiHelloApplicationHandler#0,org.springframework.context.annotation.ConfigurationClassPostProcessor.importAwareProcessor]; root of factory hierarchy
2016-01-26 02:44:43 INFO  ApplicationHandler:44 - Reading application specific configuration from user
2016-01-26 02:44:43 INFO  ApplicationHandler:61 - Reading config complete
2016-01-26 02:44:43 INFO  ApplicationHandler:65 - Generating PBS script
2016-01-26 02:44:43 INFO  SftpFileHandlerImpl:56 - Transferring files to server
2016-01-26 02:44:44 INFO  SftpFileHandlerImpl:85 - PBS file transfer complete
2016-01-26 02:44:44 INFO  SftpFileHandlerImpl:106 - File transfer complete
2016-01-26 02:44:45 INFO  ApplicationHandler:81 - Scheduled execution for job ID: 6492dc8b-6d04-4549-b96d-db8bdfa15fc0
2016-01-26 02:44:51 INFO  ClassPathXmlApplicationContext:1042 - Closing org.springframework.context.support.ClassPathXmlApplicationContext@5fcfe4b2: startup date [Tue Jan 26 02:44:37 EST 2016]; root of context hierarchy
2016-01-26 02:44:51 INFO  DefaultListableBeanFactory:444 - Destroying singletons in org.springframework.beans.factory.support.DefaultListableBeanFactory@13a5fe33: defining beans [org.springframework.context.annotation.internalConfigurationAnnotationProcessor,org.springframework.context.annotation.internalAutowiredAnnotationProcessor,org.springframework.context.annotation.internalRequiredAnnotationProcessor,org.springframework.context.annotation.internalCommonAnnotationProcessor,applicationManager,jobMonitor,applicationHandlerFactory,connectionHandler,errorMessages,sciGwException,fileHandler,commandHelper,constants,org.springframework.beans.factory.config.PropertyPlaceholderConfigurer#0,userConfig,jobConfig,applicationHandler,edu.iu.indra.scigw.applications.SortingApplicationHandler#0,edu.iu.indra.scigw.applications.MpiHelloApplicationHandler#0,org.springframework.context.annotation.ConfigurationClassPostProcessor.importAwareProcessor]; root of factory hierarchy
2016-01-27 01:29:50 INFO  ClassPathXmlApplicationContext:510 - Refreshing org.springframework.context.support.ClassPathXmlApplicationContext@5fcfe4b2: startup date [Wed Jan 27 01:29:50 EST 2016]; root of context hierarchy
2016-01-27 01:29:50 INFO  XmlBeanDefinitionReader:315 - Loading XML bean definitions from class path resource [application-context.xml]
2016-01-27 01:29:50 INFO  DefaultListableBeanFactory:663 - Overriding bean definition for bean 'constants': replacing [Generic bean: class [edu.iu.indra.scigw.util.Constants]; scope=singleton; abstract=false; lazyInit=false; autowireMode=0; dependencyCheck=0; autowireCandidate=true; primary=false; factoryBeanName=null; factoryMethodName=null; initMethodName=null; destroyMethodName=null; defined in file [C:\Users\Pratish\Documents\GitFolder\TeamIndra\Gateway First Tier\target\classes\edu\iu\indra\scigw\util\Constants.class]] with [Generic bean: class [edu.iu.indra.scigw.util.Constants]; scope=; abstract=false; lazyInit=false; autowireMode=0; dependencyCheck=0; autowireCandidate=true; primary=false; factoryBeanName=null; factoryMethodName=null; initMethodName=null; destroyMethodName=null; defined in class path resource [application-context.xml]]
2016-01-27 01:29:50 INFO  DefaultListableBeanFactory:663 - Overriding bean definition for bean 'connectionHandler': replacing [Generic bean: class [edu.iu.indra.scigw.connectionhandler.ConnectionHandlerImpl]; scope=singleton; abstract=false; lazyInit=false; autowireMode=0; dependencyCheck=0; autowireCandidate=true; primary=false; factoryBeanName=null; factoryMethodName=null; initMethodName=null; destroyMethodName=null; defined in file [C:\Users\Pratish\Documents\GitFolder\TeamIndra\Gateway First Tier\target\classes\edu\iu\indra\scigw\connectionhandler\ConnectionHandlerImpl.class]] with [Generic bean: class [edu.iu.indra.scigw.connectionhandler.ConnectionHandlerImpl]; scope=; abstract=false; lazyInit=false; autowireMode=0; dependencyCheck=0; autowireCandidate=true; primary=false; factoryBeanName=null; factoryMethodName=null; initMethodName=null; destroyMethodName=null; defined in class path resource [application-context.xml]]
2016-01-27 01:29:50 INFO  DefaultListableBeanFactory:663 - Overriding bean definition for bean 'fileHandler': replacing [Generic bean: class [edu.iu.indra.scigw.filehandler.SftpFileHandlerImpl]; scope=singleton; abstract=false; lazyInit=false; autowireMode=0; dependencyCheck=0; autowireCandidate=true; primary=false; factoryBeanName=null; factoryMethodName=null; initMethodName=null; destroyMethodName=null; defined in file [C:\Users\Pratish\Documents\GitFolder\TeamIndra\Gateway First Tier\target\classes\edu\iu\indra\scigw\filehandler\SftpFileHandlerImpl.class]] with [Generic bean: class [edu.iu.indra.scigw.filehandler.SftpFileHandlerImpl]; scope=; abstract=false; lazyInit=false; autowireMode=0; dependencyCheck=0; autowireCandidate=true; primary=false; factoryBeanName=null; factoryMethodName=null; initMethodName=null; destroyMethodName=null; defined in class path resource [application-context.xml]]
2016-01-27 01:29:50 INFO  DefaultListableBeanFactory:663 - Overriding bean definition for bean 'applicationHandlerFactory': replacing [Generic bean: class [edu.iu.indra.scigw.applications.SimpleApplicationHandlerFactory]; scope=singleton; abstract=false; lazyInit=false; autowireMode=0; dependencyCheck=0; autowireCandidate=true; primary=false; factoryBeanName=null; factoryMethodName=null; initMethodName=null; destroyMethodName=null; defined in file [C:\Users\Pratish\Documents\GitFolder\TeamIndra\Gateway First Tier\target\classes\edu\iu\indra\scigw\applications\SimpleApplicationHandlerFactory.class]] with [Generic bean: class [edu.iu.indra.scigw.applications.SimpleApplicationHandlerFactory]; scope=; abstract=false; lazyInit=false; autowireMode=0; dependencyCheck=0; autowireCandidate=true; primary=false; factoryBeanName=null; factoryMethodName=null; initMethodName=null; destroyMethodName=null; defined in class path resource [application-context.xml]]
2016-01-27 01:29:50 INFO  DefaultListableBeanFactory:663 - Overriding bean definition for bean 'applicationManager': replacing [Generic bean: class [edu.iu.indra.scigw.applications.ApplicationManager]; scope=singleton; abstract=false; lazyInit=false; autowireMode=0; dependencyCheck=0; autowireCandidate=true; primary=false; factoryBeanName=null; factoryMethodName=null; initMethodName=null; destroyMethodName=null; defined in file [C:\Users\Pratish\Documents\GitFolder\TeamIndra\Gateway First Tier\target\classes\edu\iu\indra\scigw\applications\ApplicationManager.class]] with [Generic bean: class [edu.iu.indra.scigw.applications.ApplicationManager]; scope=; abstract=false; lazyInit=false; autowireMode=0; dependencyCheck=0; autowireCandidate=true; primary=false; factoryBeanName=null; factoryMethodName=null; initMethodName=null; destroyMethodName=null; defined in class path resource [application-context.xml]]
2016-01-27 01:29:50 INFO  DefaultListableBeanFactory:663 - Overriding bean definition for bean 'jobMonitor': replacing [Generic bean: class [edu.iu.indra.scigw.applications.JobMonitor]; scope=singleton; abstract=false; lazyInit=false; autowireMode=0; dependencyCheck=0; autowireCandidate=true; primary=false; factoryBeanName=null; factoryMethodName=null; initMethodName=null; destroyMethodName=null; defined in file [C:\Users\Pratish\Documents\GitFolder\TeamIndra\Gateway First Tier\target\classes\edu\iu\indra\scigw\applications\JobMonitor.class]] with [Generic bean: class [edu.iu.indra.scigw.applications.JobMonitor]; scope=; abstract=false; lazyInit=false; autowireMode=0; dependencyCheck=0; autowireCandidate=true; primary=false; factoryBeanName=null; factoryMethodName=null; initMethodName=null; destroyMethodName=null; defined in class path resource [application-context.xml]]
2016-01-27 01:29:50 INFO  DefaultListableBeanFactory:663 - Overriding bean definition for bean 'errorMessages': replacing [Generic bean: class [edu.iu.indra.scigw.errorcodes.ErrorMessages]; scope=singleton; abstract=false; lazyInit=false; autowireMode=0; dependencyCheck=0; autowireCandidate=true; primary=false; factoryBeanName=null; factoryMethodName=null; initMethodName=null; destroyMethodName=null; defined in file [C:\Users\Pratish\Documents\GitFolder\TeamIndra\Gateway First Tier\target\classes\edu\iu\indra\scigw\errorcodes\ErrorMessages.class]] with [Generic bean: class [edu.iu.indra.scigw.errorcodes.ErrorMessages]; scope=; abstract=false; lazyInit=false; autowireMode=0; dependencyCheck=0; autowireCandidate=true; primary=false; factoryBeanName=null; factoryMethodName=null; initMethodName=null; destroyMethodName=null; defined in class path resource [application-context.xml]]
2016-01-27 01:29:50 INFO  PropertyPlaceholderConfigurer:172 - Loading properties file from class path resource [config.properties]
2016-01-27 01:29:50 INFO  PropertyPlaceholderConfigurer:172 - Loading properties file from URL [file:./conf/override_config.properties]
2016-01-27 01:29:50 WARN  PropertyPlaceholderConfigurer:181 - Could not load properties from URL [file:./conf/override_config.properties]: .\conf\override_config.properties (The system cannot find the path specified)
2016-01-27 01:29:50 INFO  DefaultListableBeanFactory:596 - Pre-instantiating singletons in org.springframework.beans.factory.support.DefaultListableBeanFactory@370736d9: defining beans [org.springframework.context.annotation.internalConfigurationAnnotationProcessor,org.springframework.context.annotation.internalAutowiredAnnotationProcessor,org.springframework.context.annotation.internalRequiredAnnotationProcessor,org.springframework.context.annotation.internalCommonAnnotationProcessor,applicationManager,jobMonitor,applicationHandlerFactory,connectionHandler,errorMessages,sciGwException,fileHandler,commandHelper,constants,org.springframework.beans.factory.config.PropertyPlaceholderConfigurer#0,userConfig,jobConfig,applicationHandler,sortHandler,mpiHandler,org.springframework.context.annotation.ConfigurationClassPostProcessor.importAwareProcessor]; root of factory hierarchy
2016-01-27 01:29:56 INFO  ApplicationHandler:44 - Reading application specific configuration from user
2016-01-27 01:29:56 INFO  ApplicationHandler:61 - Reading config complete
2016-01-27 01:29:56 INFO  ApplicationHandler:65 - Generating PBS script
2016-01-27 01:29:56 INFO  SftpFileHandlerImpl:56 - Transferring files to server
2016-01-27 01:29:56 ERROR ConnectionHandlerImpl:45 - Error in creating session
com.jcraft.jsch.JSchException: java.io.FileNotFoundException: C:\Users\sagar\Documents\data\private\keys\openssh (The system cannot find the path specified)
	at com.jcraft.jsch.KeyPair.load(KeyPair.java:543)
	at com.jcraft.jsch.IdentityFile.newInstance(IdentityFile.java:40)
	at com.jcraft.jsch.JSch.addIdentity(JSch.java:407)
	at com.jcraft.jsch.JSch.addIdentity(JSch.java:367)
	at edu.iu.indra.scigw.connectionhandler.ConnectionHandlerImpl.mGetSession(ConnectionHandlerImpl.java:38)
	at edu.iu.indra.scigw.connectionhandler.ConnectionHandlerImpl.getSftpChannel(ConnectionHandlerImpl.java:56)
	at edu.iu.indra.scigw.filehandler.SftpFileHandlerImpl.transferApplicationFiles(SftpFileHandlerImpl.java:76)
	at edu.iu.indra.scigw.applications.ApplicationHandler.submitJob(ApplicationHandler.java:71)
	at edu.iu.indra.scigw.applications.ApplicationManager.runApplication(ApplicationManager.java:34)
	at edu.iu.indra.scigw.ConsoleMain.main(ConsoleMain.java:54)
Caused by: java.io.FileNotFoundException: C:\Users\sagar\Documents\data\private\keys\openssh (The system cannot find the path specified)
	at java.io.FileInputStream.open0(Native Method)
	at java.io.FileInputStream.open(FileInputStream.java:195)
	at java.io.FileInputStream.<init>(FileInputStream.java:138)
	at java.io.FileInputStream.<init>(FileInputStream.java:93)
	at com.jcraft.jsch.Util.fromFile(Util.java:508)
	at com.jcraft.jsch.KeyPair.load(KeyPair.java:540)
	... 9 more
2016-01-27 01:29:56 ERROR ApplicationHandler:77 - Error in submitting job
2016-01-27 01:29:56 INFO  ClassPathXmlApplicationContext:1042 - Closing org.springframework.context.support.ClassPathXmlApplicationContext@5fcfe4b2: startup date [Wed Jan 27 01:29:50 EST 2016]; root of context hierarchy
2016-01-27 01:29:56 INFO  DefaultListableBeanFactory:444 - Destroying singletons in org.springframework.beans.factory.support.DefaultListableBeanFactory@370736d9: defining beans [org.springframework.context.annotation.internalConfigurationAnnotationProcessor,org.springframework.context.annotation.internalAutowiredAnnotationProcessor,org.springframework.context.annotation.internalRequiredAnnotationProcessor,org.springframework.context.annotation.internalCommonAnnotationProcessor,applicationManager,jobMonitor,applicationHandlerFactory,connectionHandler,errorMessages,sciGwException,fileHandler,commandHelper,constants,org.springframework.beans.factory.config.PropertyPlaceholderConfigurer#0,userConfig,jobConfig,applicationHandler,sortHandler,mpiHandler,org.springframework.context.annotation.ConfigurationClassPostProcessor.importAwareProcessor]; root of factory hierarchy
2016-01-27 01:29:56 ERROR ConnectionHandlerImpl:45 - Error in creating session
com.jcraft.jsch.JSchException: java.io.FileNotFoundException: C:\Users\sagar\Documents\data\private\keys\openssh (The system cannot find the path specified)
	at com.jcraft.jsch.KeyPair.load(KeyPair.java:543)
	at com.jcraft.jsch.IdentityFile.newInstance(IdentityFile.java:40)
	at com.jcraft.jsch.JSch.addIdentity(JSch.java:407)
	at com.jcraft.jsch.JSch.addIdentity(JSch.java:367)
	at edu.iu.indra.scigw.connectionhandler.ConnectionHandlerImpl.mGetSession(ConnectionHandlerImpl.java:38)
	at edu.iu.indra.scigw.connectionhandler.ConnectionHandlerImpl.getSession(ConnectionHandlerImpl.java:84)
	at edu.iu.indra.scigw.ConsoleMain.main(ConsoleMain.java:84)
Caused by: java.io.FileNotFoundException: C:\Users\sagar\Documents\data\private\keys\openssh (The system cannot find the path specified)
	at java.io.FileInputStream.open0(Native Method)
	at java.io.FileInputStream.open(FileInputStream.java:195)
	at java.io.FileInputStream.<init>(FileInputStream.java:138)
	at java.io.FileInputStream.<init>(FileInputStream.java:93)
	at com.jcraft.jsch.Util.fromFile(Util.java:508)
	at com.jcraft.jsch.KeyPair.load(KeyPair.java:540)
	... 6 more
2016-01-27 01:29:56 ERROR ConsoleMain:88 - Failed to close the session
2016-01-27 01:30:39 INFO  ClassPathXmlApplicationContext:510 - Refreshing org.springframework.context.support.ClassPathXmlApplicationContext@5fcfe4b2: startup date [Wed Jan 27 01:30:39 EST 2016]; root of context hierarchy
2016-01-27 01:30:39 INFO  XmlBeanDefinitionReader:315 - Loading XML bean definitions from class path resource [application-context.xml]
2016-01-27 01:30:39 INFO  DefaultListableBeanFactory:663 - Overriding bean definition for bean 'constants': replacing [Generic bean: class [edu.iu.indra.scigw.util.Constants]; scope=singleton; abstract=false; lazyInit=false; autowireMode=0; dependencyCheck=0; autowireCandidate=true; primary=false; factoryBeanName=null; factoryMethodName=null; initMethodName=null; destroyMethodName=null; defined in file [C:\Users\Pratish\Documents\GitFolder\TeamIndra\Gateway First Tier\target\classes\edu\iu\indra\scigw\util\Constants.class]] with [Generic bean: class [edu.iu.indra.scigw.util.Constants]; scope=; abstract=false; lazyInit=false; autowireMode=0; dependencyCheck=0; autowireCandidate=true; primary=false; factoryBeanName=null; factoryMethodName=null; initMethodName=null; destroyMethodName=null; defined in class path resource [application-context.xml]]
2016-01-27 01:30:39 INFO  DefaultListableBeanFactory:663 - Overriding bean definition for bean 'connectionHandler': replacing [Generic bean: class [edu.iu.indra.scigw.connectionhandler.ConnectionHandlerImpl]; scope=singleton; abstract=false; lazyInit=false; autowireMode=0; dependencyCheck=0; autowireCandidate=true; primary=false; factoryBeanName=null; factoryMethodName=null; initMethodName=null; destroyMethodName=null; defined in file [C:\Users\Pratish\Documents\GitFolder\TeamIndra\Gateway First Tier\target\classes\edu\iu\indra\scigw\connectionhandler\ConnectionHandlerImpl.class]] with [Generic bean: class [edu.iu.indra.scigw.connectionhandler.ConnectionHandlerImpl]; scope=; abstract=false; lazyInit=false; autowireMode=0; dependencyCheck=0; autowireCandidate=true; primary=false; factoryBeanName=null; factoryMethodName=null; initMethodName=null; destroyMethodName=null; defined in class path resource [application-context.xml]]
2016-01-27 01:30:39 INFO  DefaultListableBeanFactory:663 - Overriding bean definition for bean 'fileHandler': replacing [Generic bean: class [edu.iu.indra.scigw.filehandler.SftpFileHandlerImpl]; scope=singleton; abstract=false; lazyInit=false; autowireMode=0; dependencyCheck=0; autowireCandidate=true; primary=false; factoryBeanName=null; factoryMethodName=null; initMethodName=null; destroyMethodName=null; defined in file [C:\Users\Pratish\Documents\GitFolder\TeamIndra\Gateway First Tier\target\classes\edu\iu\indra\scigw\filehandler\SftpFileHandlerImpl.class]] with [Generic bean: class [edu.iu.indra.scigw.filehandler.SftpFileHandlerImpl]; scope=; abstract=false; lazyInit=false; autowireMode=0; dependencyCheck=0; autowireCandidate=true; primary=false; factoryBeanName=null; factoryMethodName=null; initMethodName=null; destroyMethodName=null; defined in class path resource [application-context.xml]]
2016-01-27 01:30:39 INFO  DefaultListableBeanFactory:663 - Overriding bean definition for bean 'applicationHandlerFactory': replacing [Generic bean: class [edu.iu.indra.scigw.applications.SimpleApplicationHandlerFactory]; scope=singleton; abstract=false; lazyInit=false; autowireMode=0; dependencyCheck=0; autowireCandidate=true; primary=false; factoryBeanName=null; factoryMethodName=null; initMethodName=null; destroyMethodName=null; defined in file [C:\Users\Pratish\Documents\GitFolder\TeamIndra\Gateway First Tier\target\classes\edu\iu\indra\scigw\applications\SimpleApplicationHandlerFactory.class]] with [Generic bean: class [edu.iu.indra.scigw.applications.SimpleApplicationHandlerFactory]; scope=; abstract=false; lazyInit=false; autowireMode=0; dependencyCheck=0; autowireCandidate=true; primary=false; factoryBeanName=null; factoryMethodName=null; initMethodName=null; destroyMethodName=null; defined in class path resource [application-context.xml]]
2016-01-27 01:30:39 INFO  DefaultListableBeanFactory:663 - Overriding bean definition for bean 'applicationManager': replacing [Generic bean: class [edu.iu.indra.scigw.applications.ApplicationManager]; scope=singleton; abstract=false; lazyInit=false; autowireMode=0; dependencyCheck=0; autowireCandidate=true; primary=false; factoryBeanName=null; factoryMethodName=null; initMethodName=null; destroyMethodName=null; defined in file [C:\Users\Pratish\Documents\GitFolder\TeamIndra\Gateway First Tier\target\classes\edu\iu\indra\scigw\applications\ApplicationManager.class]] with [Generic bean: class [edu.iu.indra.scigw.applications.ApplicationManager]; scope=; abstract=false; lazyInit=false; autowireMode=0; dependencyCheck=0; autowireCandidate=true; primary=false; factoryBeanName=null; factoryMethodName=null; initMethodName=null; destroyMethodName=null; defined in class path resource [application-context.xml]]
2016-01-27 01:30:39 INFO  DefaultListableBeanFactory:663 - Overriding bean definition for bean 'jobMonitor': replacing [Generic bean: class [edu.iu.indra.scigw.applications.JobMonitor]; scope=singleton; abstract=false; lazyInit=false; autowireMode=0; dependencyCheck=0; autowireCandidate=true; primary=false; factoryBeanName=null; factoryMethodName=null; initMethodName=null; destroyMethodName=null; defined in file [C:\Users\Pratish\Documents\GitFolder\TeamIndra\Gateway First Tier\target\classes\edu\iu\indra\scigw\applications\JobMonitor.class]] with [Generic bean: class [edu.iu.indra.scigw.applications.JobMonitor]; scope=; abstract=false; lazyInit=false; autowireMode=0; dependencyCheck=0; autowireCandidate=true; primary=false; factoryBeanName=null; factoryMethodName=null; initMethodName=null; destroyMethodName=null; defined in class path resource [application-context.xml]]
2016-01-27 01:30:39 INFO  DefaultListableBeanFactory:663 - Overriding bean definition for bean 'errorMessages': replacing [Generic bean: class [edu.iu.indra.scigw.errorcodes.ErrorMessages]; scope=singleton; abstract=false; lazyInit=false; autowireMode=0; dependencyCheck=0; autowireCandidate=true; primary=false; factoryBeanName=null; factoryMethodName=null; initMethodName=null; destroyMethodName=null; defined in file [C:\Users\Pratish\Documents\GitFolder\TeamIndra\Gateway First Tier\target\classes\edu\iu\indra\scigw\errorcodes\ErrorMessages.class]] with [Generic bean: class [edu.iu.indra.scigw.errorcodes.ErrorMessages]; scope=; abstract=false; lazyInit=false; autowireMode=0; dependencyCheck=0; autowireCandidate=true; primary=false; factoryBeanName=null; factoryMethodName=null; initMethodName=null; destroyMethodName=null; defined in class path resource [application-context.xml]]
2016-01-27 01:30:39 INFO  PropertyPlaceholderConfigurer:172 - Loading properties file from class path resource [config.properties]
2016-01-27 01:30:39 INFO  PropertyPlaceholderConfigurer:172 - Loading properties file from URL [file:./conf/override_config.properties]
2016-01-27 01:30:39 WARN  PropertyPlaceholderConfigurer:181 - Could not load properties from URL [file:./conf/override_config.properties]: .\conf\override_config.properties (The system cannot find the path specified)
2016-01-27 01:30:39 INFO  DefaultListableBeanFactory:596 - Pre-instantiating singletons in org.springframework.beans.factory.support.DefaultListableBeanFactory@370736d9: defining beans [org.springframework.context.annotation.internalConfigurationAnnotationProcessor,org.springframework.context.annotation.internalAutowiredAnnotationProcessor,org.springframework.context.annotation.internalRequiredAnnotationProcessor,org.springframework.context.annotation.internalCommonAnnotationProcessor,applicationManager,jobMonitor,applicationHandlerFactory,connectionHandler,errorMessages,sciGwException,fileHandler,commandHelper,constants,org.springframework.beans.factory.config.PropertyPlaceholderConfigurer#0,userConfig,jobConfig,applicationHandler,sortHandler,mpiHandler,org.springframework.context.annotation.ConfigurationClassPostProcessor.importAwareProcessor]; root of factory hierarchy
2016-01-27 01:30:41 INFO  ApplicationHandler:44 - Reading application specific configuration from user
2016-01-27 01:30:41 INFO  ApplicationHandler:61 - Reading config complete
2016-01-27 01:30:41 INFO  ApplicationHandler:65 - Generating PBS script
2016-01-27 01:30:41 INFO  SftpFileHandlerImpl:56 - Transferring files to server
2016-01-27 01:30:43 INFO  SftpFileHandlerImpl:85 - PBS file transfer complete
2016-01-27 01:30:43 INFO  SftpFileHandlerImpl:106 - File transfer complete
2016-01-27 01:30:44 INFO  ApplicationHandler:81 - Scheduled execution for job ID: b1360899-a01f-4b47-8f23-7a8b8366d82a
2016-01-27 01:32:42 INFO  ClassPathXmlApplicationContext:510 - Refreshing org.springframework.context.support.ClassPathXmlApplicationContext@5fcfe4b2: startup date [Wed Jan 27 01:32:42 EST 2016]; root of context hierarchy
2016-01-27 01:32:42 INFO  XmlBeanDefinitionReader:315 - Loading XML bean definitions from class path resource [application-context.xml]
2016-01-27 01:32:43 INFO  DefaultListableBeanFactory:663 - Overriding bean definition for bean 'constants': replacing [Generic bean: class [edu.iu.indra.scigw.util.Constants]; scope=singleton; abstract=false; lazyInit=false; autowireMode=0; dependencyCheck=0; autowireCandidate=true; primary=false; factoryBeanName=null; factoryMethodName=null; initMethodName=null; destroyMethodName=null; defined in file [C:\Users\Pratish\Documents\GitFolder\TeamIndra\Gateway First Tier\target\classes\edu\iu\indra\scigw\util\Constants.class]] with [Generic bean: class [edu.iu.indra.scigw.util.Constants]; scope=; abstract=false; lazyInit=false; autowireMode=0; dependencyCheck=0; autowireCandidate=true; primary=false; factoryBeanName=null; factoryMethodName=null; initMethodName=null; destroyMethodName=null; defined in class path resource [application-context.xml]]
2016-01-27 01:32:43 INFO  DefaultListableBeanFactory:663 - Overriding bean definition for bean 'connectionHandler': replacing [Generic bean: class [edu.iu.indra.scigw.connectionhandler.ConnectionHandlerImpl]; scope=singleton; abstract=false; lazyInit=false; autowireMode=0; dependencyCheck=0; autowireCandidate=true; primary=false; factoryBeanName=null; factoryMethodName=null; initMethodName=null; destroyMethodName=null; defined in file [C:\Users\Pratish\Documents\GitFolder\TeamIndra\Gateway First Tier\target\classes\edu\iu\indra\scigw\connectionhandler\ConnectionHandlerImpl.class]] with [Generic bean: class [edu.iu.indra.scigw.connectionhandler.ConnectionHandlerImpl]; scope=; abstract=false; lazyInit=false; autowireMode=0; dependencyCheck=0; autowireCandidate=true; primary=false; factoryBeanName=null; factoryMethodName=null; initMethodName=null; destroyMethodName=null; defined in class path resource [application-context.xml]]
2016-01-27 01:32:43 INFO  DefaultListableBeanFactory:663 - Overriding bean definition for bean 'fileHandler': replacing [Generic bean: class [edu.iu.indra.scigw.filehandler.SftpFileHandlerImpl]; scope=singleton; abstract=false; lazyInit=false; autowireMode=0; dependencyCheck=0; autowireCandidate=true; primary=false; factoryBeanName=null; factoryMethodName=null; initMethodName=null; destroyMethodName=null; defined in file [C:\Users\Pratish\Documents\GitFolder\TeamIndra\Gateway First Tier\target\classes\edu\iu\indra\scigw\filehandler\SftpFileHandlerImpl.class]] with [Generic bean: class [edu.iu.indra.scigw.filehandler.SftpFileHandlerImpl]; scope=; abstract=false; lazyInit=false; autowireMode=0; dependencyCheck=0; autowireCandidate=true; primary=false; factoryBeanName=null; factoryMethodName=null; initMethodName=null; destroyMethodName=null; defined in class path resource [application-context.xml]]
2016-01-27 01:32:43 INFO  DefaultListableBeanFactory:663 - Overriding bean definition for bean 'applicationHandlerFactory': replacing [Generic bean: class [edu.iu.indra.scigw.applications.SimpleApplicationHandlerFactory]; scope=singleton; abstract=false; lazyInit=false; autowireMode=0; dependencyCheck=0; autowireCandidate=true; primary=false; factoryBeanName=null; factoryMethodName=null; initMethodName=null; destroyMethodName=null; defined in file [C:\Users\Pratish\Documents\GitFolder\TeamIndra\Gateway First Tier\target\classes\edu\iu\indra\scigw\applications\SimpleApplicationHandlerFactory.class]] with [Generic bean: class [edu.iu.indra.scigw.applications.SimpleApplicationHandlerFactory]; scope=; abstract=false; lazyInit=false; autowireMode=0; dependencyCheck=0; autowireCandidate=true; primary=false; factoryBeanName=null; factoryMethodName=null; initMethodName=null; destroyMethodName=null; defined in class path resource [application-context.xml]]
2016-01-27 01:32:43 INFO  DefaultListableBeanFactory:663 - Overriding bean definition for bean 'applicationManager': replacing [Generic bean: class [edu.iu.indra.scigw.applications.ApplicationManager]; scope=singleton; abstract=false; lazyInit=false; autowireMode=0; dependencyCheck=0; autowireCandidate=true; primary=false; factoryBeanName=null; factoryMethodName=null; initMethodName=null; destroyMethodName=null; defined in file [C:\Users\Pratish\Documents\GitFolder\TeamIndra\Gateway First Tier\target\classes\edu\iu\indra\scigw\applications\ApplicationManager.class]] with [Generic bean: class [edu.iu.indra.scigw.applications.ApplicationManager]; scope=; abstract=false; lazyInit=false; autowireMode=0; dependencyCheck=0; autowireCandidate=true; primary=false; factoryBeanName=null; factoryMethodName=null; initMethodName=null; destroyMethodName=null; defined in class path resource [application-context.xml]]
2016-01-27 01:32:43 INFO  DefaultListableBeanFactory:663 - Overriding bean definition for bean 'jobMonitor': replacing [Generic bean: class [edu.iu.indra.scigw.applications.JobMonitor]; scope=singleton; abstract=false; lazyInit=false; autowireMode=0; dependencyCheck=0; autowireCandidate=true; primary=false; factoryBeanName=null; factoryMethodName=null; initMethodName=null; destroyMethodName=null; defined in file [C:\Users\Pratish\Documents\GitFolder\TeamIndra\Gateway First Tier\target\classes\edu\iu\indra\scigw\applications\JobMonitor.class]] with [Generic bean: class [edu.iu.indra.scigw.applications.JobMonitor]; scope=; abstract=false; lazyInit=false; autowireMode=0; dependencyCheck=0; autowireCandidate=true; primary=false; factoryBeanName=null; factoryMethodName=null; initMethodName=null; destroyMethodName=null; defined in class path resource [application-context.xml]]
2016-01-27 01:32:43 INFO  DefaultListableBeanFactory:663 - Overriding bean definition for bean 'errorMessages': replacing [Generic bean: class [edu.iu.indra.scigw.errorcodes.ErrorMessages]; scope=singleton; abstract=false; lazyInit=false; autowireMode=0; dependencyCheck=0; autowireCandidate=true; primary=false; factoryBeanName=null; factoryMethodName=null; initMethodName=null; destroyMethodName=null; defined in file [C:\Users\Pratish\Documents\GitFolder\TeamIndra\Gateway First Tier\target\classes\edu\iu\indra\scigw\errorcodes\ErrorMessages.class]] with [Generic bean: class [edu.iu.indra.scigw.errorcodes.ErrorMessages]; scope=; abstract=false; lazyInit=false; autowireMode=0; dependencyCheck=0; autowireCandidate=true; primary=false; factoryBeanName=null; factoryMethodName=null; initMethodName=null; destroyMethodName=null; defined in class path resource [application-context.xml]]
2016-01-27 01:32:43 INFO  PropertyPlaceholderConfigurer:172 - Loading properties file from class path resource [config.properties]
2016-01-27 01:32:43 INFO  PropertyPlaceholderConfigurer:172 - Loading properties file from URL [file:./conf/override_config.properties]
2016-01-27 01:32:43 WARN  PropertyPlaceholderConfigurer:181 - Could not load properties from URL [file:./conf/override_config.properties]: .\conf\override_config.properties (The system cannot find the path specified)
2016-01-27 01:32:43 INFO  DefaultListableBeanFactory:596 - Pre-instantiating singletons in org.springframework.beans.factory.support.DefaultListableBeanFactory@370736d9: defining beans [org.springframework.context.annotation.internalConfigurationAnnotationProcessor,org.springframework.context.annotation.internalAutowiredAnnotationProcessor,org.springframework.context.annotation.internalRequiredAnnotationProcessor,org.springframework.context.annotation.internalCommonAnnotationProcessor,applicationManager,jobMonitor,applicationHandlerFactory,connectionHandler,errorMessages,sciGwException,fileHandler,commandHelper,constants,org.springframework.beans.factory.config.PropertyPlaceholderConfigurer#0,userConfig,jobConfig,applicationHandler,sortHandler,mpiHandler,org.springframework.context.annotation.ConfigurationClassPostProcessor.importAwareProcessor]; root of factory hierarchy
2016-01-27 01:32:45 INFO  ApplicationHandler:44 - Reading application specific configuration from user
2016-01-27 01:32:45 INFO  ApplicationHandler:61 - Reading config complete
2016-01-27 01:32:45 INFO  ApplicationHandler:65 - Generating PBS script
2016-01-27 01:32:45 INFO  SftpFileHandlerImpl:56 - Transferring files to server
2016-01-27 01:32:46 INFO  SftpFileHandlerImpl:85 - PBS file transfer complete
2016-01-27 01:32:46 INFO  SftpFileHandlerImpl:106 - File transfer complete
2016-01-27 01:32:47 INFO  ApplicationHandler:81 - Scheduled execution for job ID: 0daa6c5e-a65c-4828-8f2e-9e912b53e2dd
